<?xml version="1.0" encoding="UTF-8"?>
<!-- Generated by org.testng.reporters.JUnitXMLReporter -->
<testsuite ignored="5" hostname="mahi" failures="0" tests="2" name="Test" time="1.778" errors="0" timestamp="18 Mar 2023 06:49:34 GMT">
  <testcase classname="login_test.login" name="@BeforeTest setup" time="1.704">
    <failure type="org.openqa.selenium.remote.http.ConnectionFailedException" message="Unable to establish websocket connection to http://localhost:13141/devtools/browser/97d0a035-184b-4b71-a120-a52ba9586782
Build info: version: &amp;apos;4.4.0&amp;apos;, revision: &amp;apos;e5c75ed026a&amp;apos;
System info: host: &amp;apos;MAHI&amp;apos;, ip: &amp;apos;192.168.1.12&amp;apos;, os.name: &amp;apos;Windows 10&amp;apos;, os.arch: &amp;apos;amd64&amp;apos;, os.version: &amp;apos;10.0&amp;apos;, java.version: &amp;apos;17.0.1&amp;apos;
Driver info: driver.version: ChromeDriver">
      <![CDATA[org.openqa.selenium.remote.http.ConnectionFailedException: Unable to establish websocket connection to http://localhost:13141/devtools/browser/97d0a035-184b-4b71-a120-a52ba9586782
Build info: version: '4.4.0', revision: 'e5c75ed026a'
System info: host: 'MAHI', ip: '192.168.1.12', os.name: 'Windows 10', os.arch: 'amd64', os.version: '10.0', java.version: '17.0.1'
Driver info: driver.version: ChromeDriver
at org.openqa.selenium.remote.http.netty.NettyWebSocket.<init>(NettyWebSocket.java:102)
at org.openqa.selenium.remote.http.netty.NettyWebSocket.lambda$create$3(NettyWebSocket.java:128)
at org.openqa.selenium.remote.http.netty.NettyClient.openSocket(NettyClient.java:106)
at org.openqa.selenium.devtools.Connection.<init>(Connection.java:77)
at org.openqa.selenium.chromium.ChromiumDriver.lambda$new$2(ChromiumDriver.java:116)
at java.base/java.util.Optional.map(Optional.java:260)
at org.openqa.selenium.chromium.ChromiumDriver.<init>(ChromiumDriver.java:114)
at org.openqa.selenium.chrome.ChromeDriver.<init>(ChromeDriver.java:81)
at org.openqa.selenium.chrome.ChromeDriver.<init>(ChromeDriver.java:49)
at login_test.login.setup(login.java:22)
... Removed 24 stack frames]]>
    </failure>
  </testcase> <!-- @BeforeTest setup -->
  <testcase classname="login_test.login1" name="@BeforeTest setup" time="0.0">
    <skipped/>
  </testcase> <!-- @BeforeTest setup -->
  <testcase classname="login_test.login1" name="@BeforeClass beforeclass" time="0.0">
    <skipped/>
  </testcase> <!-- @BeforeClass beforeclass -->
  <testcase classname="login_test.login1" name="@BeforeMethod beforemethod" time="0.0">
    <skipped/>
  </testcase> <!-- @BeforeMethod beforemethod -->
  <testcase classname="login_test.login1" name="@BeforeMethod beforemethod1" time="0.0">
    <skipped/>
  </testcase> <!-- @BeforeMethod beforemethod1 -->
  <testcase classname="login_test.login1" name="@BeforeMethod beforemethod11" time="0.0">
    <skipped/>
  </testcase> <!-- @BeforeMethod beforemethod11 -->
  <testcase classname="login_test.login1" name="@AfterMethod Aftermethod" time="0.0">
    <skipped/>
  </testcase> <!-- @AfterMethod Aftermethod -->
  <testcase classname="login_test.login1" name="@AfterMethod Aftermethod1" time="0.0">
    <skipped/>
  </testcase> <!-- @AfterMethod Aftermethod1 -->
  <testcase classname="login_test.login1" name="@AfterMethod Aftermethod11" time="0.0">
    <skipped/>
  </testcase> <!-- @AfterMethod Aftermethod11 -->
  <testcase classname="login_test.login1" name="@AfterClass afterclass" time="0.0">
    <skipped/>
  </testcase> <!-- @AfterClass afterclass -->
  <testcase classname="login_test.login" name="@AfterTest teardown" time="0.0">
    <skipped/>
  </testcase> <!-- @AfterTest teardown -->
  <testcase classname="login_test.login1" name="@AfterTest teardown" time="0.0">
    <skipped/>
  </testcase> <!-- @AfterTest teardown -->
  <testcase classname="login_test.login1" name="VerifyTitle1" time="0.0">
    <skipped/>
  </testcase> <!-- VerifyTitle1 -->
  <testcase classname="login_test.login" name="VerifyUrl" time="0.0">
    <skipped/>
  </testcase> <!-- VerifyUrl -->
  <testcase classname="login_test.login1" name="VerifyTitle" time="0.0">
    <ignored/>
  </testcase> <!-- VerifyTitle -->
  <testcase classname="login_test.login1" name="login" time="0.0">
    <ignored/>
  </testcase> <!-- login -->
  <testcase classname="login_test.login1" name="login11" time="0.0">
    <ignored/>
  </testcase> <!-- login11 -->
  <testcase classname="login_test.login1" name="VerifyTitle11" time="0.0">
    <ignored/>
  </testcase> <!-- VerifyTitle11 -->
  <testcase classname="login_test.login1" name="login111" time="0.0">
    <ignored/>
  </testcase> <!-- login111 -->
</testsuite> <!-- Test -->
